2024-02-22 18:23:50,669 - aqt.main - ERROR - installer 139659691636544 Invalid version: 'wasm_single_thread'! Please use the form '5.X.Y'.
2024-02-22 18:23:58,156 - aqt.main - ERROR - installer 139938866210624 Invalid version: 'wasm_singlethread'! Please use the form '5.X.Y'.
2024-02-22 18:24:27,061 - aqt.main - WARNING - installer 140658183071552 The parameter 'extension' with value 'wasm' is deprecated and marked for removal in a future version of aqt.
In the future, please omit this parameter.
2024-02-22 18:24:27,061 - aqt.main - WARNING - installer 140658183071552 The '--extension' flag will be ignored.
2024-02-22 18:24:55,052 - aqt.main - WARNING - installer 140189770913600 The parameter 'extension' with value 'wasm' is deprecated and marked for removal in a future version of aqt.
In the future, please omit this parameter.
2024-02-22 18:24:55,052 - aqt.main - WARNING - installer 140189770913600 The '--extension' flag will be ignored.
2024-02-22 18:25:02,629 - aqt.main - WARNING - installer 140572019935040 The parameter 'extension' with value 'wasm' is deprecated and marked for removal in a future version of aqt.
In the future, please omit this parameter.
2024-02-22 18:25:02,629 - aqt.main - WARNING - installer 140572019935040 The '--extension' flag will be ignored.
2024-02-22 18:26:20,403 - aqt.main - WARNING - installer 139702906894144 The parameter 'extension' with value 'wasm' is deprecated and marked for removal in a future version of aqt.
In the future, please omit this parameter.
2024-02-22 18:26:20,403 - aqt.main - WARNING - installer 139702906894144 The '--extension' flag will be ignored.
2024-02-22 18:26:52,508 - aqt.main - WARNING - installer 140718847063872 The parameter 'extension' with value 'wasm' is deprecated and marked for removal in a future version of aqt.
In the future, please omit this parameter.
2024-02-22 18:26:52,508 - aqt.main - WARNING - installer 140718847063872 The '--extension' flag will be ignored.
2024-02-22 18:27:49,837 - aqt.helper - DEBUG - helper 140620566181696 Attempt to download checksum at https://download.qt.io/online/qtsdkrepository/windows_x86/desktop/qt6_661/Updates.xml.sha256
2024-02-22 18:27:50,051 - aqt.helper - DEBUG - helper 140620566181696 Attempt to download checksum at https://download.qt.io/online/qtsdkrepository/windows_x86/desktop/qt6_661_wasm_singlethread/Updates.xml.sha256
2024-02-22 18:27:50,220 - aqt.helper - DEBUG - helper 140620566181696 Attempt to download checksum at https://download.qt.io/online/qtsdkrepository/windows_x86/desktop/qt6_661_wasm_multithread/Updates.xml.sha256
2024-02-22 18:28:38,724 - aqt.helper - DEBUG - helper 140576351860544 Attempt to download checksum at https://download.qt.io/online/qtsdkrepository/windows_x86/desktop/qt6_662_wasm_singlethread/Updates.xml.sha256
2024-02-22 18:28:51,600 - aqt.helper - DEBUG - helper 139786337236800 Attempt to download checksum at https://download.qt.io/online/qtsdkrepository/linux_x64/desktop/qt6_662_wasm_singlethread/Updates.xml.sha256
2024-02-22 18:49:12,898 - aqt.helper - DEBUG - helper 140581978572608 Attempt to download checksum at https://download.qt.io/online/qtsdkrepository/windows_x86/desktop/qt6_662/Updates.xml.sha256
2024-02-22 18:49:13,140 - aqt.helper - DEBUG - helper 140581978572608 Attempt to download checksum at https://download.qt.io/online/qtsdkrepository/windows_x86/desktop/qt6_662_wasm_singlethread/Updates.xml.sha256
2024-02-22 18:49:13,335 - aqt.helper - DEBUG - helper 140581978572608 Attempt to download checksum at https://download.qt.io/online/qtsdkrepository/windows_x86/desktop/qt6_662_wasm_multithread/Updates.xml.sha256
2024-02-22 18:49:24,057 - aqt.helper - DEBUG - helper 139810091738944 Attempt to download checksum at https://download.qt.io/online/qtsdkrepository/linux_x64/desktop/qt6_662/Updates.xml.sha256
2024-02-22 18:49:24,244 - aqt.helper - DEBUG - helper 139810091738944 Attempt to download checksum at https://download.qt.io/online/qtsdkrepository/linux_x64/desktop/qt6_662_wasm_singlethread/Updates.xml.sha256
2024-02-22 18:49:28,892 - aqt.helper - DEBUG - helper 139810091738944 Attempt to download checksum at https://download.qt.io/online/qtsdkrepository/linux_x64/desktop/qt6_662_wasm_multithread/Updates.xml.sha256
2024-02-22 18:49:38,870 - aqt.helper - DEBUG - helper 140606316316480 Attempt to download checksum at https://download.qt.io/online/qtsdkrepository/linux_x64/desktop/qt6_662/Updates.xml.sha256
2024-02-22 18:49:39,034 - aqt.helper - DEBUG - helper 140606316316480 Attempt to download checksum at https://download.qt.io/online/qtsdkrepository/linux_x64/desktop/qt6_662_wasm_singlethread/Updates.xml.sha256
2024-02-22 18:49:39,228 - aqt.helper - DEBUG - helper 140606316316480 Attempt to download checksum at https://download.qt.io/online/qtsdkrepository/linux_x64/desktop/qt6_662_wasm_multithread/Updates.xml.sha256
2024-02-22 18:49:47,568 - aqt.helper - DEBUG - helper 139690941581120 Attempt to download checksum at https://download.qt.io/online/qtsdkrepository/windows_x86/desktop/qt6_662/Updates.xml.sha256
2024-02-22 18:49:47,770 - aqt.helper - DEBUG - helper 139690941581120 Attempt to download checksum at https://download.qt.io/online/qtsdkrepository/windows_x86/desktop/qt6_662_wasm_singlethread/Updates.xml.sha256
2024-02-22 18:49:51,818 - aqt.helper - DEBUG - helper 139690941581120 Attempt to download checksum at https://download.qt.io/online/qtsdkrepository/windows_x86/desktop/qt6_662_wasm_multithread/Updates.xml.sha256
